process_shortreads v2.2, executed 2024-05-15 06:12:28
process_shortreads -1 filtered_forward.fastq -2 filtered_reverse.fastq -b barcodes_bar42.txt -o /lustre/project/svanbael/bolivar/Mimulus_sequences/mim3_bioinformatics/ddRAD/BAR42/ -i fastq -y gzfastq -r -c -q -E phred33 --inline_null
File	Retained Reads	Low Quality	Ambiguous Barcodes	Trimmed Reads	Orphaned paired-end reads	Total
filtered_forward.fastq	156006891	1213575	504174	0	0	157724640

Total Sequences	157724640
Ambiguous Barcodes	504174
Low Quality	1213575
Trimmed Reads	0
Orphaned Paired-ends	0
Retained Reads	156006891

Barcode	Filename	Total	Retained
GGGGAAGAATGCA	CF_19_12_F2YW	1525584	1514020
GGCCTACAATGCA	OPN_33_20_F2WY	737756	732205
GGCAAGAGATGCA	LM_27_20B_F2YW	6170012	6121936
GGGAATGGATGCA	OPN_7_7_F2YW	12814	12720
GGCGGAACATGCA	LM_15_22B_F2YW	6539570	6488669
GGTTGACCATGCA	LM_9_2B_F2WY	4530668	4495232
GGGTACGTATGCA	OPN_9_8_L	11548	11475
GGAGCGAAGTGCA	OPN_15_GB_POOL	35160	34923
GGCAGAGAATGCA	CF_53_2_F2WY	40696750	40384447
GGTGAGCAATGCA	OPN_39_1_F2YW	2321942	2304775
GGACGGAGATGCA	LM_19_24_F2YW	6586604	6535575
GGTGCTGGATGCA	OPN_31_24_F2WY	489186	485521
GGGCCAACATGCA	OPN_33_12_F2WY	497012	493262
GGAGATCCATGCA	LM_11_16_F2YW	22626	22475
GGCGATGTATGCA	LM_13_1_F2WY	9776486	9700467
GGCGACAAGTGCA	LM_9_4_F2YW	42621596	42290020
GGACCAGAATGCA	CF_27_10_F2YW	733774	728461
GGCTGGCAATGCA	CF_53_7_F2YW	4619644	4584679
GGGTCGAGATGCA	OPN_35_9_F2YW	368136	365278
GGCTAACGATGCA	LM_19_24B_F2YW	13760522	13653552
GGTCAGACATGCA	LM_19_3_F2WY	3159046	3134715
GGCCAATCATGCA	CF_51_L_POOL	18698	18572
GGGCCTGTATGCA	LM_5_18B_F2YW	574476	569874
GGAAGCAAGTGCA	OPN_51_14_F2WY	389058	386107
GGCCAGGAATGCA	CF_13_6_F2WY	325556	323035
GGGAACCAATGCA	LM_5_15B_F2YW	1737334	1723919
GGTGTGAGATGCA	LM_7_9B_F2YW	706592	701114
GGTAGGCGATGCA	LM_19_22_F2YW	2288768	2271248
GGAACGACATGCA	OPN_27_19_F2YW	762634	756892
GGGTGGTCATGCA	LM_53_6_F2YW	4636820	4601911
GGGCAACTATGCA	LM_27_17_F2WY	564094	559812

Sequences not recorded
Barcode	Total
GGTCGTCAATGCA	121394
GGGTCCAAGTGCA	83488
GGACACCGATGCA	35200
GGACTGTCATGCA	34082
GGAGTGGAATGCA	30200
GGGACGGAATGCA	24590
GGGGACAGATGCA	23274
GGCTTGACATGCA	22226
GGTGCACTATGCA	20754
GGCTGTAAGTGCA	17930
GGGATCACATGCA	15740
GGATTGCGATGCA	15214
GGCACTCAATGCA	10154
GGTGACTCATGCA	9132
GGCTAAGAGTGCA	8090
GGACCGCTATGCA	7592
NNCGACAAGTGCA	3972
NNCAGAGAATGCA	3748
NNCTAACGATGCA	1224
TACAGAGAATGCA	972
TACGACAAGTGCA	928
NNCGATGTATGCA	870
TACTAACGATGCA	862
NNCGGAACATGCA	650
NNCAAGAGATGCA	620
NNACGGAGATGCA	618
NNTTGACCATGCA	460
NNGTGGTCATGCA	432
NNCTGGCAATGCA	422
TCCGACAAGTGCA	346
NNTCAGACATGCA	332
TCCAGAGAATGCA	324
GGCTGCAGATGCA	300
TACGATGTATGCA	242
NNTAGGCGATGCA	228
TCCTAACGATGCA	228
TATTGACCATGCA	188
TACTGGCAATGCA	176
TAACGGAGATGCA	168
NNTGAGCAATGCA	164
NNGAACCAATGCA	152
NNGGAAGAATGCA	150
TATCAGACATGCA	150
AACGACAAGTGCA	150
TACAAGAGATGCA	146
AACAGAGAATGCA	142
CCGTGGTCATGCA	138
GNTCGTCAATGCA	138
TAGAACCAATGCA	118
TTCGACAAGTGCA	116
TAGTGGTCATGCA	110
GNGTCCAAGTGCA	110
TCCTGGCAATGCA	102
TTCTAACGATGCA	100
TATAGGCGATGCA	96
CACAGAGAATGCA	94
CCCAGAGAATGCA	90
TCCGATGTATGCA	86
CACGACAAGTGCA	86
TACGGAACATGCA	80
TTCAGAGAATGCA	80
CCCGACAAGTGCA	76
CAGTGGTCATGCA	76
NNAACGACATGCA	74
TAGCAACTATGCA	72
CCCTAACGATGCA	72
NNGCCTGTATGCA	70
NNCCTACAATGCA	68
TAGCCAACATGCA	68
TCTTGACCATGCA	68
AACTAACGATGCA	66
NNGCAACTATGCA	64
NNTGTGAGATGCA	62
ATCGACAAGTGCA	58
NNACCAGAATGCA	58
ACCGACAAGTGCA	56
TCACGGAGATGCA	56
CTGTGGTCATGCA	54
TCCGGAACATGCA	54
ACCAGAGAATGCA	54
TAGCCTGTATGCA	54
NNTGCTGGATGCA	50
ATCAGAGAATGCA	48
ACCTAACGATGCA	48
NNGCCAACATGCA	48
CTCGACAAGTGCA	46
TATGAGCAATGCA	44
NNAAGCAAGTGCA	42
GNAGTGGAATGCA	42
TCCAAGAGATGCA	42
TAAACGACATGCA	42
TAGTCCAAGTGCA	42
TACCTACAATGCA	42
GNACTGTCATGCA	40
TGTCGTCAATGCA	40
GNACACCGATGCA	38
CTCTAACGATGCA	38
GNATTGCGATGCA	34
NNGTCGAGATGCA	34
CACTAACGATGCA	32
CTCAGAGAATGCA	32
ATCTAACGATGCA	32
TAACCAGAATGCA	32
TAGTCGAGATGCA	30
TCTAGGCGATGCA	30
TTCGATGTATGCA	28
ACACGGAGATGCA	26
NNCCAGGAATGCA	26
TCTCAGACATGCA	26
TGGTCCAAGTGCA	26
GNGATCACATGCA	24
GNGACGGAATGCA	24
TACCAATCATGCA	22
TTTTGACCATGCA	22
TTCTGGCAATGCA	22
AACAAGAGATGCA	20
ATTTGACCATGCA	20
GNGGACAGATGCA	20
GNCTGTAAGTGCA	18
TGACACCGATGCA	18
TCGAACCAATGCA	18
TCCCTACAATGCA	18
GNCTTGACATGCA	18
CACAAGAGATGCA	18
GATCGTCAATGCA	18
AGGACGGAATGCA	16
CCCTGGCAATGCA	16
GCTCGTCAATGCA	16
AACGGAACATGCA	16
TAAAGCAAGTGCA	16
AACTGGCAATGCA	16
TCACCAGAATGCA	16
ATTCAGACATGCA	14
AACGATGTATGCA	14
TGAGTGGAATGCA	14
TGCTTGACATGCA	14
TGGACGGAATGCA	14
TGTGCACTATGCA	14
TTACGGAGATGCA	14
GTCTGTAAGTGCA	14
TATGCTGGATGCA	14
ACCGATGTATGCA	14
CCCGATGTATGCA	14
GNTGCACTATGCA	14
CACGATGTATGCA	14
AATCAGACATGCA	14
AAAACGACATGCA	12
TATGTGAGATGCA	12
GNACCGCTATGCA	12
GTACACCGATGCA	12
TAGACGGAATGCA	12
AGTCGTCAATGCA	12
GTACTGTCATGCA	12
TCGTGGTCATGCA	12
TAGGAAGAATGCA	12
GNCACTCAATGCA	12
AAGTGGTCATGCA	12
AAACGGAGATGCA	12
TTCCTACAATGCA	12
TGACTGTCATGCA	12
TGCTGTAAGTGCA	12
CAACGGAGATGCA	10
ACCAAGAGATGCA	10
CTCAAGAGATGCA	10
TTTGAGCAATGCA	10
NNGTCCAAGTGCA	10
CCTTGACCATGCA	10
ANCTAACGATGCA	10
TAACACCGATGCA	10
CACTGGCAATGCA	10
TCGCAACTATGCA	10
CCCAAGAGATGCA	10
GTGTCCAAGTGCA	10
AACCTACAATGCA	10
TCTGAGCAATGCA	10
AATTGACCATGCA	10
TTGCCAACATGCA	8
GNTGACTCATGCA	8
NNTCGTCAATGCA	8
CACGGAACATGCA	8
NNAGCGAAGTGCA	8
ACCTGGCAATGCA	8
CCACGGAGATGCA	8
TAAGATCCATGCA	8
TAGAATGGATGCA	8
GAGGACAGATGCA	8
ACTTGACCATGCA	8
GTTCGTCAATGCA	8
CCTAGGCGATGCA	8
TCTGCTGGATGCA	8
TCTCGTCAATGCA	8
ATCGGAACATGCA	8
AGCTGTAAGTGCA	8
ATCTGGCAATGCA	8
CNGTGGTCATGCA	8
TGGGACAGATGCA	8
ATTAGGCGATGCA	8
GCCACTCAATGCA	8
TTCAAGAGATGCA	8
CGACTGTCATGCA	8
CTCCTACAATGCA	8
TTCGGAACATGCA	8
GACTTGACATGCA	8
AAAAGCAAGTGCA	8
CTCTGGCAATGCA	8
GCGTCCAAGTGCA	8
NNACTGTCATGCA	6
CAGAACCAATGCA	6
GAGATCACATGCA	6
GAGTCCAAGTGCA	6
GTGACGGAATGCA	6
GTATTGCGATGCA	6
GTAGTGGAATGCA	6
CACCTACAATGCA	6
GCTGCACTATGCA	6
AGGTCCAAGTGCA	6
ATTGCACTATGCA	6
GNCTAAGAGTGCA	6
ATACGGAGATGCA	6
ATCAAGAGATGCA	6
ATCCTACAATGCA	6
CTGCCTGTATGCA	6
TGATTGCGATGCA	6
TGCACTCAATGCA	6
TGACCGCTATGCA	6
TCGCCTGTATGCA	6
TTCCAGGAATGCA	6
CTACCAGAATGCA	6
CTACGGAGATGCA	6
CCTCAGACATGCA	6
TCAACGACATGCA	6
TATGCACTATGCA	6
TATCGTCAATGCA	6
TTGTGGTCATGCA	6
ACCGGAACATGCA	6
GAACACCGATGCA	6
TACCAGGAATGCA	6
AGGATCACATGCA	6
CCAACGACATGCA	6
AGACTGTCATGCA	6
TAACCGCTATGCA	6
AGACACCGATGCA	6
TTTGCTGGATGCA	6
TTTAGGCGATGCA	6
ACTAGGCGATGCA	6
ACGTGGTCATGCA	6
CATGCTGGATGCA	6
CCGCCAACATGCA	6
TTGAACCAATGCA	4
TTTCAGACATGCA	4
CAAACGACATGCA	4
AAACCAGAATGCA	4
CCACACCGATGCA	4
TTACCAGAATGCA	4
ATGTGGTCATGCA	4
ATGCAACTATGCA	4
TTTGTGAGATGCA	4
CACCAATCATGCA	4
CAAGTGGAATGCA	4
TAGATCACATGCA	4
NNATTGCGATGCA	4
NNTGCACTATGCA	4
NNACACCGATGCA	4
TAAGCGAAGTGCA	4
GTGGACAGATGCA	4
GTCTTGACATGCA	4
ACGAACCAATGCA	4
GTCACTCAATGCA	4
TACTTGACATGCA	4
ATCGATGTATGCA	4
ACACCAGAATGCA	4
ACAACGACATGCA	4
AATGAGCAATGCA	4
AATAGGCGATGCA	4
AAGCAACTATGCA	4
ANCGACAAGTGCA	4
ANCGGAACATGCA	4
AAGAACCAATGCA	4
TCGCCAACATGCA	4
CTGAACCAATGCA	4
CTCCAATCATGCA	4
GCACACCGATGCA	4
GAGACGGAATGCA	4
CGACACCGATGCA	4
GACTGTAAGTGCA	4
CCTGAGCAATGCA	4
GCATTGCGATGCA	4
CTGCCAACATGCA	4
CTGCAACTATGCA	4
CTCGATGTATGCA	4
CCCGGAACATGCA	4
CTCGGAACATGCA	4
CGCTGTAAGTGCA	4
CTCTGTAAGTGCA	4
CCCCAATCATGCA	4
GAACTGTCATGCA	4
ACTCAGACATGCA	2
TACTGTAAGTGCA	2
ACGGAAGAATGCA	2
GAATTGCGATGCA	2
TACACTCAATGCA	2
ACTGTGAGATGCA	2
NNTGACTCATGCA	2
ACCTTGACATGCA	2
CTTTGACCATGCA	2
CTTGAGCAATGCA	2
CTTCAGACATGCA	2
TAGGACAGATGCA	2
CAGCCAACATGCA	2
AATGTGAGATGCA	2
CTCTTGACATGCA	2
TATGACTCATGCA	2
NNCCAATCATGCA	2
CACTAAGAGTGCA	2
GATGCACTATGCA	2
GTGATCACATGCA	2
GTTGCACTATGCA	2
NGAGTGGAATGCA	2
NGATTGCGATGCA	2
NGCTGTAAGTGCA	2
NGCTTGACATGCA	2
NGGTCCAAGTGCA	2
AGGGACAGATGCA	2
NNAGATCCATGCA	2
TAACTGTCATGCA	2
AGCTTGACATGCA	2
NNCTAAGAGTGCA	2
NNCTGTAAGTGCA	2
NNGAATGGATGCA	2
NNGACGGAATGCA	2
NNGGACAGATGCA	2
NNGTACGTATGCA	2
AGCACTCAATGCA	2
GTCTAAGAGTGCA	2
AGAGTGGAATGCA	2
GACTAAGAGTGCA	2
TTCCAATCATGCA	2
AAAGTGGAATGCA	2
TGTGACTCATGCA	2
TNACGGAGATGCA	2
TNCCAGGAATGCA	2
TNCCTACAATGCA	2
TNCGATGTATGCA	2
TNGTGGTCATGCA	2
TNTCAGACATGCA	2
TNTGAGCAATGCA	2
TTACTGTCATGCA	2
AAACTGTCATGCA	2
TGCTGCAGATGCA	2
AAACCGCTATGCA	2
CATGAGCAATGCA	2
CCGTCGAGATGCA	2
TTGCCTGTATGCA	2
CCGTCCAAGTGCA	2
CCGCCTGTATGCA	2
TTTCGTCAATGCA	2
TTTGACTCATGCA	2
CATTGACCATGCA	2
CCCCTACAATGCA	2
CCAAGCAAGTGCA	2
CTAGTGGAATGCA	2
CTCTAAGAGTGCA	2
CAGTACGTATGCA	2
TCAAGCAAGTGCA	2
TCACACCGATGCA	2
CAGTCGAGATGCA	2
TCACCGCTATGCA	2
CTCCAGGAATGCA	2
TCATTGCGATGCA	2
TCCACTCAATGCA	2
CATCAGACATGCA	2
TCCCAGGAATGCA	2
AATGCTGGATGCA	2
AAGTCCAAGTGCA	2
AAGCCTGTATGCA	2
CTACCGCTATGCA	2
CTAACGACATGCA	2
TCCTGCAGATGCA	2
TCCTGTAAGTGCA	2
CGGTCCAAGTGCA	2
CGGGACAGATGCA	2
CGCTTGACATGCA	2
TGCTAAGAGTGCA	2
ATCCAATCATGCA	2
GTACCGCTATGCA	2
GCACTGTCATGCA	2
AGTGACTCATGCA	2
AGTGCACTATGCA	2
ANCAAGAGATGCA	2
ANCAGAGAATGCA	2
ANCTGTAAGTGCA	2
ANGAACCAATGCA	2
ANGGAAGAATGCA	2
ANTAGGCGATGCA	2
ATAACGACATGCA	2
ATAGATCCATGCA	2
GCAGTGGAATGCA	2
GCCTGTAAGTGCA	2
ATGAACCAATGCA	2
GCGACGGAATGCA	2
ATGGAAGAATGCA	2
GCGATCACATGCA	2
ATTCGTCAATGCA	2
ATTGAGCAATGCA	2
ATTGTGAGATGCA	2
CAAAGCAAGTGCA	2
CAAGCGAAGTGCA	2
CAGCAACTATGCA	2
